<?xml version="1.0" encoding="UTF-8"?>
<!-- Generated by org.testng.reporters.JUnitReportReporter -->
<testsuite hostname="IMLTW057" failures="0" tests="1" name="tests.TC002_BookProduct" time="1.595" errors="0" timestamp="2024-09-10T18:40:18 IST" skipped="0">
  <testcase classname="tests.TC002_BookProduct" name="addToCart" time="1.595"/>
  <system-out/>
</testsuite> <!-- tests.TC002_BookProduct -->
