<?xml version="1.0" encoding="UTF-8"?>
<!-- Generated by org.testng.reporters.JUnitReportReporter -->
<testsuite hostname="IMLTW057" failures="0" tests="1" name="utils.UtilMethods" time="4.590" errors="0" timestamp="2024-09-05T21:34:27 IST" skipped="0">
  <testcase classname="utils.UtilMethods" name="browserDetails" time="4.590"/>
  <system-out/>
</testsuite> <!-- utils.UtilMethods -->
