<?xml version="1.0" encoding="UTF-8"?>
<!-- Generated by org.testng.reporters.JUnitReportReporter -->
<testsuite hostname="IMLTW057" failures="0" tests="1" name="tests.TC001_Login" time="0.737" errors="0" timestamp="2024-09-05T22:49:03 IST" skipped="0">
  <testcase classname="tests.TC001_Login" name="login" time="0.737"/>
  <system-out/>
</testsuite> <!-- tests.TC001_Login -->
