<?xml version="1.0" encoding="UTF-8"?>
<!-- Generated by org.testng.reporters.JUnitReportReporter -->
<testsuite hostname="IMLTW057" failures="0" tests="1" name="tests.TC002_AddToCart" time="2.131" errors="0" timestamp="2024-09-10T18:32:07 IST" skipped="0">
  <testcase classname="tests.TC002_AddToCart" name="addToCart" time="2.131"/>
  <system-out/>
</testsuite> <!-- tests.TC002_AddToCart -->
